Build started 2014-10-23 10:24:16.
     1>Project "C:\Workbench\LogFileReader\LogFileReader\LogFileReader\LogFileReader.vcxproj" on node 2 (build target(s)).
     1>InitializeBuildStatus:
         Creating "Release\LogFileReader.unsuccessfulbuild" because "AlwaysCreate" was specified.
       ClCompile:
         C:\Program Files (x86)\Microsoft Visual Studio 10.0\VC\bin\CL.exe /c /Zi /nologo /W3 /WX- /O2 /Oi /Oy- /GL /D _MBCS /Gm- /EHsc /MD /GS /Gy /fp:precise /Zc:wchar_t /Zc:forScope /Fo"Release\\" /Fd"Release\vc100.pdb" /Gd /TP /analyze- /errorReport:prompt main.cpp
         main.cpp
     1>main.cpp(50): warning C4018: '<' : signed/unsigned mismatch
     1>main.cpp(90): warning C4018: '<' : signed/unsigned mismatch
     1>main.cpp(110): warning C4018: '<' : signed/unsigned mismatch
       Link:
         C:\Program Files (x86)\Microsoft Visual Studio 10.0\VC\bin\link.exe /ERRORREPORT:PROMPT /OUT:"C:\Workbench\LogFileReader\LogFileReader\Release\LogFileReader.exe" /NOLOGO kernel32.lib user32.lib gdi32.lib winspool.lib comdlg32.lib advapi32.lib shell32.lib ole32.lib oleaut32.lib uuid.lib odbc32.lib odbccp32.lib /MANIFEST /ManifestFile:"Release\LogFileReader.exe.intermediate.manifest" /MANIFESTUAC:"level='asInvoker' uiAccess='false'" /DEBUG /PDB:"C:\Workbench\LogFileReader\LogFileReader\Release\LogFileReader.pdb" /OPT:REF /OPT:ICF /LTCG /TLBID:1 /DYNAMICBASE /NXCOMPAT /IMPLIB:"C:\Workbench\LogFileReader\LogFileReader\Release\LogFileReader.lib" /MACHINE:X86 Release\apache_logfile_analyzer.obj
         Release\apache_logfile_interpreter.obj
         Release\filemanager.obj
         Release\main.obj
         Release\network.obj
         Generating code
         Finished generating code
         LogFileReader.vcxproj -> C:\Workbench\LogFileReader\LogFileReader\Release\LogFileReader.exe
       Manifest:
         C:\Program Files (x86)\Microsoft SDKs\Windows\v7.0A\bin\mt.exe /nologo /verbose /outputresource:"C:\Workbench\LogFileReader\LogFileReader\Release\LogFileReader.exe;#1" /manifest Release\LogFileReader.exe.intermediate.manifest
       FinalizeBuildStatus:
         Deleting file "Release\LogFileReader.unsuccessfulbuild".
         Touching "Release\LogFileReader.lastbuildstate".
     1>Done Building Project "C:\Workbench\LogFileReader\LogFileReader\LogFileReader\LogFileReader.vcxproj" (build target(s)).

Build succeeded.

Time Elapsed 00:00:01.95
